0 info it worked if it ends with ok
1 verbose cli [ 'C:\\Program Files\\nodejs\\\\node.exe',
1 verbose cli   'C:\\Program Files\\nodejs\\node_modules\\npm\\bin\\npm-cli.js',
1 verbose cli   'publish' ]
2 info using npm@1.3.8
3 info using node@v0.10.16
4 verbose node symlink C:\Program Files\nodejs\\node.exe
5 verbose publish [ '.' ]
6 verbose cache add [ '.', null ]
7 verbose cache add name=undefined spec="." args=[".",null]
8 verbose parsed url { protocol: null,
8 verbose parsed url   slashes: null,
8 verbose parsed url   auth: null,
8 verbose parsed url   host: null,
8 verbose parsed url   port: null,
8 verbose parsed url   hostname: null,
8 verbose parsed url   hash: null,
8 verbose parsed url   search: null,
8 verbose parsed url   query: null,
8 verbose parsed url   pathname: '.',
8 verbose parsed url   path: '.',
8 verbose parsed url   href: '.' }
9 silly lockFile 3a52ce78- .
10 verbose lock . C:\Users\fresheneesz\AppData\Roaming\npm-cache\3a52ce78-.lock
11 verbose tar pack [ 'C:\\Users\\FRESHE~1\\AppData\\Local\\Temp\\npm-12764-CkZF3ymR\\1378832893999-0.508859524037689\\tmp.tgz',
11 verbose tar pack   '.' ]
12 verbose tarball C:\Users\FRESHE~1\AppData\Local\Temp\npm-12764-CkZF3ymR\1378832893999-0.508859524037689\tmp.tgz
13 verbose folder .
14 silly lockFile 1f1177db-tar tar://.
15 verbose lock tar://. C:\Users\fresheneesz\AppData\Roaming\npm-cache\1f1177db-tar.lock
16 silly lockFile e1f69c98-893999-0-508859524037689-tmp-tgz tar://C:\Users\FRESHE~1\AppData\Local\Temp\npm-12764-CkZF3ymR\1378832893999-0.508859524037689\tmp.tgz
17 verbose lock tar://C:\Users\FRESHE~1\AppData\Local\Temp\npm-12764-CkZF3ymR\1378832893999-0.508859524037689\tmp.tgz C:\Users\fresheneesz\AppData\Roaming\npm-cache\e1f69c98-893999-0-508859524037689-tmp-tgz.lock
18 silly lockFile 1f1177db-tar tar://.
19 silly lockFile 1f1177db-tar tar://.
20 silly lockFile e1f69c98-893999-0-508859524037689-tmp-tgz tar://C:\Users\FRESHE~1\AppData\Local\Temp\npm-12764-CkZF3ymR\1378832893999-0.508859524037689\tmp.tgz
21 silly lockFile e1f69c98-893999-0-508859524037689-tmp-tgz tar://C:\Users\FRESHE~1\AppData\Local\Temp\npm-12764-CkZF3ymR\1378832893999-0.508859524037689\tmp.tgz
22 verbose tar unpack C:\Users\FRESHE~1\AppData\Local\Temp\npm-12764-CkZF3ymR\1378832893999-0.508859524037689\tmp.tgz
23 silly lockFile 35fc01ad-893999-0-508859524037689-package tar://C:\Users\FRESHE~1\AppData\Local\Temp\npm-12764-CkZF3ymR\1378832893999-0.508859524037689\package
24 verbose lock tar://C:\Users\FRESHE~1\AppData\Local\Temp\npm-12764-CkZF3ymR\1378832893999-0.508859524037689\package C:\Users\fresheneesz\AppData\Roaming\npm-cache\35fc01ad-893999-0-508859524037689-package.lock
25 silly lockFile e1f69c98-893999-0-508859524037689-tmp-tgz tar://C:\Users\FRESHE~1\AppData\Local\Temp\npm-12764-CkZF3ymR\1378832893999-0.508859524037689\tmp.tgz
26 verbose lock tar://C:\Users\FRESHE~1\AppData\Local\Temp\npm-12764-CkZF3ymR\1378832893999-0.508859524037689\tmp.tgz C:\Users\fresheneesz\AppData\Roaming\npm-cache\e1f69c98-893999-0-508859524037689-tmp-tgz.lock
27 silly gunzTarPerm modes [ '755', '644' ]
28 silly gunzTarPerm extractEntry package.json
29 silly gunzTarPerm modified mode [ 'package.json', 438, 420 ]
30 silly gunzTarPerm extractEntry .npmignore
31 silly gunzTarPerm modified mode [ '.npmignore', 438, 420 ]
32 silly gunzTarPerm extractEntry README.md
33 silly gunzTarPerm modified mode [ 'README.md', 438, 420 ]
34 silly gunzTarPerm extractEntry build.js
35 silly gunzTarPerm modified mode [ 'build.js', 438, 420 ]
36 silly gunzTarPerm extractEntry proto.js
37 silly gunzTarPerm modified mode [ 'proto.js', 438, 420 ]
38 silly gunzTarPerm extractEntry generatedBuilds/proto.amd.js
39 silly gunzTarPerm modified mode [ 'generatedBuilds/proto.amd.js', 438, 420 ]
40 silly gunzTarPerm extractEntry generatedBuilds/proto.amd.min.js
41 silly gunzTarPerm modified mode [ 'generatedBuilds/proto.amd.min.js', 438, 420 ]
42 silly gunzTarPerm extractEntry generatedBuilds/proto.common.js
43 silly gunzTarPerm modified mode [ 'generatedBuilds/proto.common.js', 438, 420 ]
44 silly gunzTarPerm extractEntry generatedBuilds/proto.global.js
45 silly gunzTarPerm modified mode [ 'generatedBuilds/proto.global.js', 438, 420 ]
46 silly gunzTarPerm extractEntry generatedBuilds/proto.global.min.js
47 silly gunzTarPerm modified mode [ 'generatedBuilds/proto.global.min.js', 438, 420 ]
48 silly gunzTarPerm extractEntry MIT_LICENSE
49 silly gunzTarPerm modified mode [ 'MIT_LICENSE', 438, 420 ]
50 silly gunzTarPerm extractEntry test/protoTest.js
51 silly gunzTarPerm modified mode [ 'test/protoTest.js', 438, 420 ]
52 silly lockFile 35fc01ad-893999-0-508859524037689-package tar://C:\Users\FRESHE~1\AppData\Local\Temp\npm-12764-CkZF3ymR\1378832893999-0.508859524037689\package
53 silly lockFile 35fc01ad-893999-0-508859524037689-package tar://C:\Users\FRESHE~1\AppData\Local\Temp\npm-12764-CkZF3ymR\1378832893999-0.508859524037689\package
54 silly lockFile e1f69c98-893999-0-508859524037689-tmp-tgz tar://C:\Users\FRESHE~1\AppData\Local\Temp\npm-12764-CkZF3ymR\1378832893999-0.508859524037689\tmp.tgz
55 silly lockFile e1f69c98-893999-0-508859524037689-tmp-tgz tar://C:\Users\FRESHE~1\AppData\Local\Temp\npm-12764-CkZF3ymR\1378832893999-0.508859524037689\tmp.tgz
56 verbose tar pack [ 'C:\\Users\\fresheneesz\\AppData\\Roaming\\npm-cache\\proto\\1.0.0\\package.tgz',
56 verbose tar pack   'C:\\Users\\FRESHE~1\\AppData\\Local\\Temp\\npm-12764-CkZF3ymR\\1378832893999-0.508859524037689\\package' ]
57 verbose tarball C:\Users\fresheneesz\AppData\Roaming\npm-cache\proto\1.0.0\package.tgz
58 verbose folder C:\Users\FRESHE~1\AppData\Local\Temp\npm-12764-CkZF3ymR\1378832893999-0.508859524037689\package
59 silly lockFile 35fc01ad-893999-0-508859524037689-package tar://C:\Users\FRESHE~1\AppData\Local\Temp\npm-12764-CkZF3ymR\1378832893999-0.508859524037689\package
60 verbose lock tar://C:\Users\FRESHE~1\AppData\Local\Temp\npm-12764-CkZF3ymR\1378832893999-0.508859524037689\package C:\Users\fresheneesz\AppData\Roaming\npm-cache\35fc01ad-893999-0-508859524037689-package.lock
61 silly lockFile d9108987-pm-cache-proto-1-0-0-package-tgz tar://C:\Users\fresheneesz\AppData\Roaming\npm-cache\proto\1.0.0\package.tgz
62 verbose lock tar://C:\Users\fresheneesz\AppData\Roaming\npm-cache\proto\1.0.0\package.tgz C:\Users\fresheneesz\AppData\Roaming\npm-cache\d9108987-pm-cache-proto-1-0-0-package-tgz.lock
63 silly lockFile 35fc01ad-893999-0-508859524037689-package tar://C:\Users\FRESHE~1\AppData\Local\Temp\npm-12764-CkZF3ymR\1378832893999-0.508859524037689\package
64 silly lockFile 35fc01ad-893999-0-508859524037689-package tar://C:\Users\FRESHE~1\AppData\Local\Temp\npm-12764-CkZF3ymR\1378832893999-0.508859524037689\package
65 silly lockFile d9108987-pm-cache-proto-1-0-0-package-tgz tar://C:\Users\fresheneesz\AppData\Roaming\npm-cache\proto\1.0.0\package.tgz
66 silly lockFile d9108987-pm-cache-proto-1-0-0-package-tgz tar://C:\Users\fresheneesz\AppData\Roaming\npm-cache\proto\1.0.0\package.tgz
67 silly lockFile c842b574-ng-npm-cache-proto-1-0-0-package C:\Users\fresheneesz\AppData\Roaming\npm-cache\proto\1.0.0\package
68 verbose lock C:\Users\fresheneesz\AppData\Roaming\npm-cache\proto\1.0.0\package C:\Users\fresheneesz\AppData\Roaming\npm-cache\c842b574-ng-npm-cache-proto-1-0-0-package.lock
69 silly lockFile c842b574-ng-npm-cache-proto-1-0-0-package C:\Users\fresheneesz\AppData\Roaming\npm-cache\proto\1.0.0\package
70 silly lockFile c842b574-ng-npm-cache-proto-1-0-0-package C:\Users\fresheneesz\AppData\Roaming\npm-cache\proto\1.0.0\package
71 verbose tar unpack C:\Users\fresheneesz\AppData\Roaming\npm-cache\proto\1.0.0\package.tgz
72 silly lockFile 19e04d71-ng-npm-cache-proto-1-0-0-package tar://C:\Users\fresheneesz\AppData\Roaming\npm-cache\proto\1.0.0\package
73 verbose lock tar://C:\Users\fresheneesz\AppData\Roaming\npm-cache\proto\1.0.0\package C:\Users\fresheneesz\AppData\Roaming\npm-cache\19e04d71-ng-npm-cache-proto-1-0-0-package.lock
74 silly lockFile d9108987-pm-cache-proto-1-0-0-package-tgz tar://C:\Users\fresheneesz\AppData\Roaming\npm-cache\proto\1.0.0\package.tgz
75 verbose lock tar://C:\Users\fresheneesz\AppData\Roaming\npm-cache\proto\1.0.0\package.tgz C:\Users\fresheneesz\AppData\Roaming\npm-cache\d9108987-pm-cache-proto-1-0-0-package-tgz.lock
76 silly gunzTarPerm modes [ '755', '644' ]
77 silly gunzTarPerm extractEntry package.json
78 silly gunzTarPerm modified mode [ 'package.json', 438, 420 ]
79 silly gunzTarPerm extractEntry .npmignore
80 silly gunzTarPerm modified mode [ '.npmignore', 438, 420 ]
81 silly gunzTarPerm extractEntry README.md
82 silly gunzTarPerm modified mode [ 'README.md', 438, 420 ]
83 silly gunzTarPerm extractEntry build.js
84 silly gunzTarPerm modified mode [ 'build.js', 438, 420 ]
85 silly gunzTarPerm extractEntry proto.js
86 silly gunzTarPerm modified mode [ 'proto.js', 438, 420 ]
87 silly gunzTarPerm extractEntry generatedBuilds/proto.amd.js
88 silly gunzTarPerm modified mode [ 'generatedBuilds/proto.amd.js', 438, 420 ]
89 silly gunzTarPerm extractEntry generatedBuilds/proto.amd.min.js
90 silly gunzTarPerm modified mode [ 'generatedBuilds/proto.amd.min.js', 438, 420 ]
91 silly gunzTarPerm extractEntry generatedBuilds/proto.common.js
92 silly gunzTarPerm modified mode [ 'generatedBuilds/proto.common.js', 438, 420 ]
93 silly gunzTarPerm extractEntry generatedBuilds/proto.global.js
94 silly gunzTarPerm modified mode [ 'generatedBuilds/proto.global.js', 438, 420 ]
95 silly gunzTarPerm extractEntry generatedBuilds/proto.global.min.js
96 silly gunzTarPerm modified mode [ 'generatedBuilds/proto.global.min.js', 438, 420 ]
97 silly gunzTarPerm extractEntry MIT_LICENSE
98 silly gunzTarPerm modified mode [ 'MIT_LICENSE', 438, 420 ]
99 silly gunzTarPerm extractEntry test/protoTest.js
100 silly gunzTarPerm modified mode [ 'test/protoTest.js', 438, 420 ]
101 silly lockFile 19e04d71-ng-npm-cache-proto-1-0-0-package tar://C:\Users\fresheneesz\AppData\Roaming\npm-cache\proto\1.0.0\package
102 silly lockFile 19e04d71-ng-npm-cache-proto-1-0-0-package tar://C:\Users\fresheneesz\AppData\Roaming\npm-cache\proto\1.0.0\package
103 silly lockFile d9108987-pm-cache-proto-1-0-0-package-tgz tar://C:\Users\fresheneesz\AppData\Roaming\npm-cache\proto\1.0.0\package.tgz
104 silly lockFile d9108987-pm-cache-proto-1-0-0-package-tgz tar://C:\Users\fresheneesz\AppData\Roaming\npm-cache\proto\1.0.0\package.tgz
105 verbose chmod C:\Users\fresheneesz\AppData\Roaming\npm-cache\proto\1.0.0\package.tgz 644
106 silly chown skipping for windows C:\Users\fresheneesz\AppData\Roaming\npm-cache\proto\1.0.0\package.tgz
107 silly lockFile 3a52ce78- .
108 silly lockFile 3a52ce78- .
109 silly publish { name: 'proto',
109 silly publish   version: '1.0.0',
109 silly publish   description: 'A prototype-based inheritance library that makes it easy to create objects and inheritance hierarchies without losing the power of javascript\'s prototype system.',
109 silly publish   keywords:
109 silly publish    [ 'class',
109 silly publish      'inheritance',
109 silly publish      'prototype',
109 silly publish      'javascript',
109 silly publish      'superclass',
109 silly publish      'parent',
109 silly publish      'child',
109 silly publish      'inherit' ],
109 silly publish   dependencies: { buildModules: 'git+https://git@github.com/fresheneesz/buildModules.git#2f50ea0830b0fa580c087b4bfa947de2e7b7d7c3' },
109 silly publish   devDependencies: { deadunit: 'git+https://git@github.com/fresheneesz/deadunit.git' },
109 silly publish   repository: { type: 'git', url: 'git://github.com/fresheneesz/proto' },
109 silly publish   scripts: { postinstall: 'node build.js' },
109 silly publish   readme: '`proto`\n=====\n\nA prototype-based inheritance/class library that makes it easy to create objects and inheritance hierarchies without losing the\npower of javascript\'s prototype system. \n\nWhy Use proto?\n==============\n* `instanceof` works with `proto` classes\n* constructors are inheritable\n* non-objects can be returned from a constructor (even `undefined`)!\n* easy access to an object\'s superclass\n* you don\'t hafta use the `new` operator\n* native objects work with `proto`. `proto` properly* creates classes that inherit from native objects - even all the `Error` types. *_Inheriting javascript objects has some limitations (see below)_\n* [`prototype` and `constructor` properties][javascriptFunctionProperties] are propertly set\n* `proto` doesn\'t use `Object.create` so it should work with older browsers ( *testers welcome!* )\n* `proto` is small: ( __896 bytes minified and in AMD format__ )\n* `proto` is lightweight. It doesn\'t attempt to emulate class-based languages or create any fancy features you probably don\'t actually need (interfaces, abstract classes, etc)\n\n[javascriptFunctionProperties]: https://developer.mozilla.org/en-US/docs/Web/JavaScript/Reference/Global_Objects/Function/prototype\n\nExample\n=======\n\n```\nvar Person = proto(function() {       // prototype builder\n    this.init = function(legs, arms) {      // constructor\n        this.legs = legs\n        this.arms = arms\n    }\n\n    this.getCaughtInBearTrap = function() { // instance method\n        this.legs -= 1\n    }\n    this.limbs = function() {\n        return this.arms + this.legs\n    }\n})\n\nvar Girl = proto(Person, function() { // inheritance\n    this.haveBaby = function() {\n        return Person(2,2)\n    }\n})\n\nvar g = Girl(2,2)        // instantiation\ng.getCaughtInBearTrap()\nconsole.log("Girl has "+g.limbs()+" limbs")\nconsole.log(": (")\n\nvar newPerson = g.haveBaby()\nconsole.log("New person has" +newPerson.limbs()+" limbs : )")\n ```\n\n\nInstall\n=======\n\n```\nnpm install git+https://git@github.com/fresheneesz/proto.git\n```\n\n\nUsage\n=====\n\nAccessing proto:\n```\nvar proto = require(\'proto\') // node.js\n\ndefine([\'proto\'], function(proto) { ... } // amd\n\nproto; // proto.global.js defines proto globally if you really want to shun module-based design\n```\n\nUsing proto:\n```\nvar Parent = proto(function() {\n    this.init = function(v) {   // constructor\n        if(v > 0) {\n            this.x = v                // you can normally access the object with this inside methods\n        } else if(v !== undefined) {\n\t\t\treturn true\t              // you can return non-object values\n\t\t} else {\n\t\t\treturn proto.undefined    // return undefined by using a special constructor return value\n\t\t}\n    }\n   \n    this.anythingElse = 5   // static properties can be accessed by the class and the instance\n\n    var privateFn = function(me, arg1, etc) {  // private functions don\'t have access to the correct \'this\', so pass it in\n        me.x = arg1 + etc\n    }\n    this.doSomething = function() {\n        privateFn(this, this.x, 1)\n    }\n})\n\n// you can inherit from any object!\n// the resulting object factory will generate instances inheriting from:\n    // [if you inherit from]\n        // [a function]: that function\'s prototype\n        // [anything else]: that object itself\nvar Child = proto(Parent, function(superclass) {\n    this.init = function() {\n        superclass.init.call(this, arguments) // super-class method call\n        this.r = 10\n        return this\n    }\n\n    this.staticMethod = function(x) {        // create static methods just like instance methods - you can access them from the constructor\n        return this.constructor(x+12)        // uses its own constructor to create a Child object\n    }\n})\n\nvar object = Child(1)                // instantiation\nobject.doSomething()                  // method call (as usual)\nvar object2 = Child.staticMethod(1)  // static method call\n\n ```\n\n\nLimitations of `proto`\n=============================================\n* Inheriting from `Error` and other exception types doesn\'t automatically set a correct `name` property, so you need to set it in the contructor manually.\n* Objects inheriting from `String` can\'t use the `toString` method. \n* Inheriting from `Array` doesn\'t work.\n* Inheriting from `RegExp` doesn\'t work either (the results can\'t use the `test` or `match methods).\n* You can\'t properly access any non-writable properties of a function from the returned proto-object factory though the properties will work correctly on instances. This includes: `name`, `length`, `arguments`, and `caller`.\n \n\nContributors\n============\n* Special thanks to [jayferd][jayferd], since I got most of the unit tests for `proto` from [his `pjs` project][pjs].\n\n\n[jayferd]: https://github.com/jayferd\n[pjs]: https://github.com/jayferd/pjs\n',
109 silly publish   readmeFilename: 'README.md',
109 silly publish   bugs: { url: 'https://github.com/fresheneesz/proto/issues' },
109 silly publish   _id: 'proto@1.0.0',
109 silly publish   dist: { shasum: '1b6be49afcae1d65a18e77c0a27bb718ca94a44d' },
109 silly publish   _from: '.' }
110 verbose url raw proto
111 verbose url resolving [ 'https://registry.npmjs.org/', './proto' ]
112 verbose url resolved https://registry.npmjs.org/proto
113 info trying registry request attempt 1 at 10:08:15
114 http PUT https://registry.npmjs.org/proto
115 http 409 https://registry.npmjs.org/proto
116 verbose url raw proto
117 verbose url resolving [ 'https://registry.npmjs.org/', './proto' ]
118 verbose url resolved https://registry.npmjs.org/proto
119 info trying registry request attempt 1 at 10:08:16
120 http GET https://registry.npmjs.org/proto
121 http 200 https://registry.npmjs.org/proto
122 verbose uploading [ 'proto/-/proto-1.0.0.tgz/-rev/7-7aedd76b4613353e0722ecc34fbbbb06',
122 verbose uploading   'C:\\Users\\fresheneesz\\AppData\\Roaming\\npm-cache\\proto\\1.0.0\\package.tgz' ]
123 verbose url raw proto/-/proto-1.0.0.tgz/-rev/7-7aedd76b4613353e0722ecc34fbbbb06
124 verbose url resolving [ 'https://registry.npmjs.org/',
124 verbose url resolving   './proto/-/proto-1.0.0.tgz/-rev/7-7aedd76b4613353e0722ecc34fbbbb06' ]
125 verbose url resolved https://registry.npmjs.org/proto/-/proto-1.0.0.tgz/-rev/7-7aedd76b4613353e0722ecc34fbbbb06
126 info trying registry request attempt 1 at 10:08:16
127 http PUT https://registry.npmjs.org/proto/-/proto-1.0.0.tgz/-rev/7-7aedd76b4613353e0722ecc34fbbbb06
128 http 403 https://registry.npmjs.org/proto/-/proto-1.0.0.tgz/-rev/7-7aedd76b4613353e0722ecc34fbbbb06
129 info trying registry request attempt 1 at 10:08:18
130 http PUT https://registry.npmjs.org/proto/-/proto-1.0.0.tgz/-rev/7-7aedd76b4613353e0722ecc34fbbbb06
131 http 403 https://registry.npmjs.org/proto/-/proto-1.0.0.tgz/-rev/7-7aedd76b4613353e0722ecc34fbbbb06
132 error publish Error uploading package
133 error Error: forbidden user: fresheneesz not authorized to modify proto
133 error Added: _attachments.proto-1.0.0.tgz: proto/-/proto-1.0.0.tgz/-rev/7-7aedd76b4613353e0722ecc34fbbbb06
133 error     at RegClient.<anonymous> (C:\Program Files\nodejs\node_modules\npm\node_modules\npm-registry-client\lib\request.js:272:14)
133 error     at Request.self.callback (C:\Program Files\nodejs\node_modules\npm\node_modules\request\index.js:148:22)
133 error     at Request.EventEmitter.emit (events.js:98:17)
133 error     at Request.<anonymous> (C:\Program Files\nodejs\node_modules\npm\node_modules\request\index.js:891:14)
133 error     at Request.EventEmitter.emit (events.js:117:20)
133 error     at IncomingMessage.<anonymous> (C:\Program Files\nodejs\node_modules\npm\node_modules\request\index.js:842:12)
133 error     at IncomingMessage.EventEmitter.emit (events.js:117:20)
133 error     at _stream_readable.js:912:16
133 error     at process._tickCallback (node.js:415:13)
134 error If you need help, you may report this log at:
134 error     <http://github.com/isaacs/npm/issues>
134 error or email it to:
134 error     <npm-@googlegroups.com>
135 error System Windows_NT 6.1.7600
136 error command "C:\\Program Files\\nodejs\\\\node.exe" "C:\\Program Files\\nodejs\\node_modules\\npm\\bin\\npm-cli.js" "publish"
137 error cwd H:\billysFile\code\javascript\nodejs\proto
138 error node -v v0.10.16
139 error npm -v 1.3.8
140 verbose exit [ 1, true ]
